Start testing: Nov 20 20:10 EST
----------------------------------------------------------
1/1 Testing: test
1/1 Test: test
Command: "/Users/birdbrain/Documents/Research/Code/subsample/tests/tests.sh"
Directory: /Users/birdbrain/Documents/Research/Code/subsample/build
"test" start time: Nov 20 20:10 EST
Output:
----------------------------------------------------------
x ./._data
x data/
x data/._.DS_Store
x data/.DS_Store
x data/._DownUp
x data/DownUp/
x data/._sample.json
x data/sample.json
x data/._UpDown
x data/UpDown/
x data/UpDown/._Out_0_0.txt
x data/UpDown/Out_0_0.txt
x data/UpDown/._Out_0_1.txt
x data/UpDown/Out_0_1.txt
x data/UpDown/._Out_0_2.txt
x data/UpDown/Out_0_2.txt
x data/UpDown/._Out_0_betti.txt
x data/UpDown/Out_0_betti.txt
x data/UpDown/._Out_10_0.txt
x data/UpDown/Out_10_0.txt
x data/UpDown/._Out_10_1.txt
x data/UpDown/Out_10_1.txt
x data/UpDown/._Out_10_2.txt
x data/UpDown/Out_10_2.txt
x data/UpDown/._Out_10_betti.txt
x data/UpDown/Out_10_betti.txt
x data/UpDown/._Out_11_0.txt
x data/UpDown/Out_11_0.txt
x data/UpDown/._Out_11_1.txt
x data/UpDown/Out_11_1.txt
x data/UpDown/._Out_11_2.txt
x data/UpDown/Out_11_2.txt
x data/UpDown/._Out_11_betti.txt
x data/UpDown/Out_11_betti.txt
x data/UpDown/._Out_12_0.txt
x data/UpDown/Out_12_0.txt
x data/UpDown/._Out_12_1.txt
x data/UpDown/Out_12_1.txt
x data/UpDown/._Out_12_2.txt
x data/UpDown/Out_12_2.txt
x data/UpDown/._Out_12_betti.txt
x data/UpDown/Out_12_betti.txt
x data/UpDown/._Out_13_0.txt
x data/UpDown/Out_13_0.txt
x data/UpDown/._Out_13_1.txt
x data/UpDown/Out_13_1.txt
x data/UpDown/._Out_13_2.txt
x data/UpDown/Out_13_2.txt
x data/UpDown/._Out_13_betti.txt
x data/UpDown/Out_13_betti.txt
x data/UpDown/._Out_14_0.txt
x data/UpDown/Out_14_0.txt
x data/UpDown/._Out_14_1.txt
x data/UpDown/Out_14_1.txt
x data/UpDown/._Out_14_2.txt
x data/UpDown/Out_14_2.txt
x data/UpDown/._Out_14_betti.txt
x data/UpDown/Out_14_betti.txt
x data/UpDown/._Out_15_0.txt
x data/UpDown/Out_15_0.txt
x data/UpDown/._Out_15_1.txt
x data/UpDown/Out_15_1.txt
x data/UpDown/._Out_15_2.txt
x data/UpDown/Out_15_2.txt
x data/UpDown/._Out_15_betti.txt
x data/UpDown/Out_15_betti.txt
x data/UpDown/._Out_16_0.txt
x data/UpDown/Out_16_0.txt
x data/UpDown/._Out_16_1.txt
x data/UpDown/Out_16_1.txt
x data/UpDown/._Out_16_2.txt
x data/UpDown/Out_16_2.txt
x data/UpDown/._Out_16_betti.txt
x data/UpDown/Out_16_betti.txt
x data/UpDown/._Out_17_0.txt
x data/UpDown/Out_17_0.txt
x data/UpDown/._Out_17_1.txt
x data/UpDown/Out_17_1.txt
x data/UpDown/._Out_17_2.txt
x data/UpDown/Out_17_2.txt
x data/UpDown/._Out_17_betti.txt
x data/UpDown/Out_17_betti.txt
x data/UpDown/._Out_18_0.txt
x data/UpDown/Out_18_0.txt
x data/UpDown/._Out_18_1.txt
x data/UpDown/Out_18_1.txt
x data/UpDown/._Out_18_2.txt
x data/UpDown/Out_18_2.txt
x data/UpDown/._Out_18_betti.txt
x data/UpDown/Out_18_betti.txt
x data/UpDown/._Out_19_0.txt
x data/UpDown/Out_19_0.txt
x data/UpDown/._Out_19_1.txt
x data/UpDown/Out_19_1.txt
x data/UpDown/._Out_19_2.txt
x data/UpDown/Out_19_2.txt
x data/UpDown/._Out_19_betti.txt
x data/UpDown/Out_19_betti.txt
x data/UpDown/._Out_1_0.txt
x data/UpDown/Out_1_0.txt
x data/UpDown/._Out_1_1.txt
x data/UpDown/Out_1_1.txt
x data/UpDown/._Out_1_2.txt
x data/UpDown/Out_1_2.txt
x data/UpDown/._Out_1_betti.txt
x data/UpDown/Out_1_betti.txt
x data/UpDown/._Out_20_0.txt
x data/UpDown/Out_20_0.txt
x data/UpDown/._Out_20_1.txt
x data/UpDown/Out_20_1.txt
x data/UpDown/._Out_20_2.txt
x data/UpDown/Out_20_2.txt
x data/UpDown/._Out_20_betti.txt
x data/UpDown/Out_20_betti.txt
x data/UpDown/._Out_21_0.txt
x data/UpDown/Out_21_0.txt
x data/UpDown/._Out_21_1.txt
x data/UpDown/Out_21_1.txt
x data/UpDown/._Out_21_2.txt
x data/UpDown/Out_21_2.txt
x data/UpDown/._Out_21_betti.txt
x data/UpDown/Out_21_betti.txt
x data/UpDown/._Out_22_0.txt
x data/UpDown/Out_22_0.txt
x data/UpDown/._Out_22_1.txt
x data/UpDown/Out_22_1.txt
x data/UpDown/._Out_22_2.txt
x data/UpDown/Out_22_2.txt
x data/UpDown/._Out_22_betti.txt
x data/UpDown/Out_22_betti.txt
x data/UpDown/._Out_23_0.txt
x data/UpDown/Out_23_0.txt
x data/UpDown/._Out_23_1.txt
x data/UpDown/Out_23_1.txt
x data/UpDown/._Out_23_2.txt
x data/UpDown/Out_23_2.txt
x data/UpDown/._Out_23_betti.txt
x data/UpDown/Out_23_betti.txt
x data/UpDown/._Out_24_0.txt
x data/UpDown/Out_24_0.txt
x data/UpDown/._Out_24_1.txt
x data/UpDown/Out_24_1.txt
x data/UpDown/._Out_24_2.txt
x data/UpDown/Out_24_2.txt
x data/UpDown/._Out_24_betti.txt
x data/UpDown/Out_24_betti.txt
x data/UpDown/._Out_25_0.txt
x data/UpDown/Out_25_0.txt
x data/UpDown/._Out_25_1.txt
x data/UpDown/Out_25_1.txt
x data/UpDown/._Out_25_2.txt
x data/UpDown/Out_25_2.txt
x data/UpDown/._Out_25_betti.txt
x data/UpDown/Out_25_betti.txt
x data/UpDown/._Out_26_0.txt
x data/UpDown/Out_26_0.txt
x data/UpDown/._Out_26_1.txt
x data/UpDown/Out_26_1.txt
x data/UpDown/._Out_26_2.txt
x data/UpDown/Out_26_2.txt
x data/UpDown/._Out_26_betti.txt
x data/UpDown/Out_26_betti.txt
x data/UpDown/._Out_27_0.txt
x data/UpDown/Out_27_0.txt
x data/UpDown/._Out_27_1.txt
x data/UpDown/Out_27_1.txt
x data/UpDown/._Out_27_2.txt
x data/UpDown/Out_27_2.txt
x data/UpDown/._Out_27_betti.txt
x data/UpDown/Out_27_betti.txt
x data/UpDown/._Out_28_0.txt
x data/UpDown/Out_28_0.txt
x data/UpDown/._Out_28_1.txt
x data/UpDown/Out_28_1.txt
x data/UpDown/._Out_28_2.txt
x data/UpDown/Out_28_2.txt
x data/UpDown/._Out_28_betti.txt
x data/UpDown/Out_28_betti.txt
x data/UpDown/._Out_29_0.txt
x data/UpDown/Out_29_0.txt
x data/UpDown/._Out_29_1.txt
x data/UpDown/Out_29_1.txt
x data/UpDown/._Out_29_2.txt
x data/UpDown/Out_29_2.txt
x data/UpDown/._Out_29_betti.txt
x data/UpDown/Out_29_betti.txt
x data/UpDown/._Out_2_0.txt
x data/UpDown/Out_2_0.txt
x data/UpDown/._Out_2_1.txt
x data/UpDown/Out_2_1.txt
x data/UpDown/._Out_2_2.txt
x data/UpDown/Out_2_2.txt
x data/UpDown/._Out_2_betti.txt
x data/UpDown/Out_2_betti.txt
x data/UpDown/._Out_30_0.txt
x data/UpDown/Out_30_0.txt
x data/UpDown/._Out_30_1.txt
x data/UpDown/Out_30_1.txt
x data/UpDown/._Out_30_2.txt
x data/UpDown/Out_30_2.txt
x data/UpDown/._Out_30_betti.txt
x data/UpDown/Out_30_betti.txt
x data/UpDown/._Out_31_0.txt
x data/UpDown/Out_31_0.txt
x data/UpDown/._Out_31_1.txt
x data/UpDown/Out_31_1.txt
x data/UpDown/._Out_31_2.txt
x data/UpDown/Out_31_2.txt
x data/UpDown/._Out_31_betti.txt
x data/UpDown/Out_31_betti.txt
x data/UpDown/._Out_32_0.txt
x data/UpDown/Out_32_0.txt
x data/UpDown/._Out_32_1.txt
x data/UpDown/Out_32_1.txt
x data/UpDown/._Out_32_2.txt
x data/UpDown/Out_32_2.txt
x data/UpDown/._Out_32_betti.txt
x data/UpDown/Out_32_betti.txt
x data/UpDown/._Out_33_0.txt
x data/UpDown/Out_33_0.txt
x data/UpDown/._Out_33_1.txt
x data/UpDown/Out_33_1.txt
x data/UpDown/._Out_33_2.txt
x data/UpDown/Out_33_2.txt
x data/UpDown/._Out_33_betti.txt
x data/UpDown/Out_33_betti.txt
x data/UpDown/._Out_34_0.txt
x data/UpDown/Out_34_0.txt
x data/UpDown/._Out_34_1.txt
x data/UpDown/Out_34_1.txt
x data/UpDown/._Out_34_2.txt
x data/UpDown/Out_34_2.txt
x data/UpDown/._Out_34_betti.txt
x data/UpDown/Out_34_betti.txt
x data/UpDown/._Out_35_0.txt
x data/UpDown/Out_35_0.txt
x data/UpDown/._Out_35_1.txt
x data/UpDown/Out_35_1.txt
x data/UpDown/._Out_35_2.txt
x data/UpDown/Out_35_2.txt
x data/UpDown/._Out_35_betti.txt
x data/UpDown/Out_35_betti.txt
x data/UpDown/._Out_36_0.txt
x data/UpDown/Out_36_0.txt
x data/UpDown/._Out_36_1.txt
x data/UpDown/Out_36_1.txt
x data/UpDown/._Out_36_2.txt
x data/UpDown/Out_36_2.txt
x data/UpDown/._Out_36_betti.txt
x data/UpDown/Out_36_betti.txt
x data/UpDown/._Out_37_0.txt
x data/UpDown/Out_37_0.txt
x data/UpDown/._Out_37_1.txt
x data/UpDown/Out_37_1.txt
x data/UpDown/._Out_37_2.txt
x data/UpDown/Out_37_2.txt
x data/UpDown/._Out_37_betti.txt
x data/UpDown/Out_37_betti.txt
x data/UpDown/._Out_38_0.txt
x data/UpDown/Out_38_0.txt
x data/UpDown/._Out_38_1.txt
x data/UpDown/Out_38_1.txt
x data/UpDown/._Out_38_2.txt
x data/UpDown/Out_38_2.txt
x data/UpDown/._Out_38_betti.txt
x data/UpDown/Out_38_betti.txt
x data/UpDown/._Out_39_0.txt
x data/UpDown/Out_39_0.txt
x data/UpDown/._Out_39_1.txt
x data/UpDown/Out_39_1.txt
x data/UpDown/._Out_39_2.txt
x data/UpDown/Out_39_2.txt
x data/UpDown/._Out_39_betti.txt
x data/UpDown/Out_39_betti.txt
x data/UpDown/._Out_3_0.txt
x data/UpDown/Out_3_0.txt
x data/UpDown/._Out_3_1.txt
x data/UpDown/Out_3_1.txt
x data/UpDown/._Out_3_2.txt
x data/UpDown/Out_3_2.txt
x data/UpDown/._Out_3_betti.txt
x data/UpDown/Out_3_betti.txt
x data/UpDown/._Out_40_0.txt
x data/UpDown/Out_40_0.txt
x data/UpDown/._Out_40_1.txt
x data/UpDown/Out_40_1.txt
x data/UpDown/._Out_40_2.txt
x data/UpDown/Out_40_2.txt
x data/UpDown/._Out_40_betti.txt
x data/UpDown/Out_40_betti.txt
x data/UpDown/._Out_41_0.txt
x data/UpDown/Out_41_0.txt
x data/UpDown/._Out_41_1.txt
x data/UpDown/Out_41_1.txt
x data/UpDown/._Out_41_2.txt
x data/UpDown/Out_41_2.txt
x data/UpDown/._Out_41_betti.txt
x data/UpDown/Out_41_betti.txt
x data/UpDown/._Out_42_0.txt
x data/UpDown/Out_42_0.txt
x data/UpDown/._Out_42_1.txt
x data/UpDown/Out_42_1.txt
x data/UpDown/._Out_42_2.txt
x data/UpDown/Out_42_2.txt
x data/UpDown/._Out_42_betti.txt
x data/UpDown/Out_42_betti.txt
x data/UpDown/._Out_43_0.txt
x data/UpDown/Out_43_0.txt
x data/UpDown/._Out_43_1.txt
x data/UpDown/Out_43_1.txt
x data/UpDown/._Out_43_2.txt
x data/UpDown/Out_43_2.txt
x data/UpDown/._Out_43_betti.txt
x data/UpDown/Out_43_betti.txt
x data/UpDown/._Out_44_0.txt
x data/UpDown/Out_44_0.txt
x data/UpDown/._Out_44_1.txt
x data/UpDown/Out_44_1.txt
x data/UpDown/._Out_44_2.txt
x data/UpDown/Out_44_2.txt
x data/UpDown/._Out_44_betti.txt
x data/UpDown/Out_44_betti.txt
x data/UpDown/._Out_45_0.txt
x data/UpDown/Out_45_0.txt
x data/UpDown/._Out_45_1.txt
x data/UpDown/Out_45_1.txt
x data/UpDown/._Out_45_2.txt
x data/UpDown/Out_45_2.txt
x data/UpDown/._Out_45_betti.txt
x data/UpDown/Out_45_betti.txt
x data/UpDown/._Out_46_0.txt
x data/UpDown/Out_46_0.txt
x data/UpDown/._Out_46_1.txt
x data/UpDown/Out_46_1.txt
x data/UpDown/._Out_46_2.txt
x data/UpDown/Out_46_2.txt
x data/UpDown/._Out_46_betti.txt
x data/UpDown/Out_46_betti.txt
x data/UpDown/._Out_47_0.txt
x data/UpDown/Out_47_0.txt
x data/UpDown/._Out_47_1.txt
x data/UpDown/Out_47_1.txt
x data/UpDown/._Out_47_2.txt
x data/UpDown/Out_47_2.txt
x data/UpDown/._Out_47_betti.txt
x data/UpDown/Out_47_betti.txt
x data/UpDown/._Out_48_0.txt
x data/UpDown/Out_48_0.txt
x data/UpDown/._Out_48_1.txt
x data/UpDown/Out_48_1.txt
x data/UpDown/._Out_48_2.txt
x data/UpDown/Out_48_2.txt
x data/UpDown/._Out_48_betti.txt
x data/UpDown/Out_48_betti.txt
x data/UpDown/._Out_49_0.txt
x data/UpDown/Out_49_0.txt
x data/UpDown/._Out_49_1.txt
x data/UpDown/Out_49_1.txt
x data/UpDown/._Out_49_2.txt
x data/UpDown/Out_49_2.txt
x data/UpDown/._Out_49_betti.txt
x data/UpDown/Out_49_betti.txt
x data/UpDown/._Out_4_0.txt
x data/UpDown/Out_4_0.txt
x data/UpDown/._Out_4_1.txt
x data/UpDown/Out_4_1.txt
x data/UpDown/._Out_4_2.txt
x data/UpDown/Out_4_2.txt
x data/UpDown/._Out_4_betti.txt
x data/UpDown/Out_4_betti.txt
x data/UpDown/._Out_50_0.txt
x data/UpDown/Out_50_0.txt
x data/UpDown/._Out_50_1.txt
x data/UpDown/Out_50_1.txt
x data/UpDown/._Out_50_2.txt
x data/UpDown/Out_50_2.txt
x data/UpDown/._Out_50_betti.txt
x data/UpDown/Out_50_betti.txt
x data/UpDown/._Out_51_0.txt
x data/UpDown/Out_51_0.txt
x data/UpDown/._Out_51_1.txt
x data/UpDown/Out_51_1.txt
x data/UpDown/._Out_51_2.txt
x data/UpDown/Out_51_2.txt
x data/UpDown/._Out_51_betti.txt
x data/UpDown/Out_51_betti.txt
x data/UpDown/._Out_52_0.txt
x data/UpDown/Out_52_0.txt
x data/UpDown/._Out_52_1.txt
x data/UpDown/Out_52_1.txt
x data/UpDown/._Out_52_2.txt
x data/UpDown/Out_52_2.txt
x data/UpDown/._Out_52_betti.txt
x data/UpDown/Out_52_betti.txt
x data/UpDown/._Out_53_0.txt
x data/UpDown/Out_53_0.txt
x data/UpDown/._Out_53_1.txt
x data/UpDown/Out_53_1.txt
x data/UpDown/._Out_53_2.txt
x data/UpDown/Out_53_2.txt
x data/UpDown/._Out_53_betti.txt
x data/UpDown/Out_53_betti.txt
x data/UpDown/._Out_54_0.txt
x data/UpDown/Out_54_0.txt
x data/UpDown/._Out_54_1.txt
x data/UpDown/Out_54_1.txt
x data/UpDown/._Out_54_2.txt
x data/UpDown/Out_54_2.txt
x data/UpDown/._Out_54_betti.txt
x data/UpDown/Out_54_betti.txt
x data/UpDown/._Out_55_0.txt
x data/UpDown/Out_55_0.txt
x data/UpDown/._Out_55_1.txt
x data/UpDown/Out_55_1.txt
x data/UpDown/._Out_55_2.txt
x data/UpDown/Out_55_2.txt
x data/UpDown/._Out_55_betti.txt
x data/UpDown/Out_55_betti.txt
x data/UpDown/._Out_56_0.txt
x data/UpDown/Out_56_0.txt
x data/UpDown/._Out_56_1.txt
x data/UpDown/Out_56_1.txt
x data/UpDown/._Out_56_2.txt
x data/UpDown/Out_56_2.txt
x data/UpDown/._Out_56_betti.txt
x data/UpDown/Out_56_betti.txt
x data/UpDown/._Out_57_0.txt
x data/UpDown/Out_57_0.txt
x data/UpDown/._Out_57_1.txt
x data/UpDown/Out_57_1.txt
x data/UpDown/._Out_57_2.txt
x data/UpDown/Out_57_2.txt
x data/UpDown/._Out_57_betti.txt
x data/UpDown/Out_57_betti.txt
x data/UpDown/._Out_58_0.txt
x data/UpDown/Out_58_0.txt
x data/UpDown/._Out_58_1.txt
x data/UpDown/Out_58_1.txt
x data/UpDown/._Out_58_2.txt
x data/UpDown/Out_58_2.txt
x data/UpDown/._Out_58_betti.txt
x data/UpDown/Out_58_betti.txt
x data/UpDown/._Out_59_0.txt
x data/UpDown/Out_59_0.txt
x data/UpDown/._Out_59_1.txt
x data/UpDown/Out_59_1.txt
x data/UpDown/._Out_59_2.txt
x data/UpDown/Out_59_2.txt
x data/UpDown/._Out_59_betti.txt
x data/UpDown/Out_59_betti.txt
x data/UpDown/._Out_5_0.txt
x data/UpDown/Out_5_0.txt
x data/UpDown/._Out_5_1.txt
x data/UpDown/Out_5_1.txt
x data/UpDown/._Out_5_2.txt
x data/UpDown/Out_5_2.txt
x data/UpDown/._Out_5_betti.txt
x data/UpDown/Out_5_betti.txt
x data/UpDown/._Out_60_0.txt
x data/UpDown/Out_60_0.txt
x data/UpDown/._Out_60_1.txt
x data/UpDown/Out_60_1.txt
x data/UpDown/._Out_60_2.txt
x data/UpDown/Out_60_2.txt
x data/UpDown/._Out_60_betti.txt
x data/UpDown/Out_60_betti.txt
x data/UpDown/._Out_61_0.txt
x data/UpDown/Out_61_0.txt
x data/UpDown/._Out_61_1.txt
x data/UpDown/Out_61_1.txt
x data/UpDown/._Out_61_2.txt
x data/UpDown/Out_61_2.txt
x data/UpDown/._Out_61_betti.txt
x data/UpDown/Out_61_betti.txt
x data/UpDown/._Out_62_0.txt
x data/UpDown/Out_62_0.txt
x data/UpDown/._Out_62_1.txt
x data/UpDown/Out_62_1.txt
x data/UpDown/._Out_62_2.txt
x data/UpDown/Out_62_2.txt
x data/UpDown/._Out_62_betti.txt
x data/UpDown/Out_62_betti.txt
x data/UpDown/._Out_63_0.txt
x data/UpDown/Out_63_0.txt
x data/UpDown/._Out_63_1.txt
x data/UpDown/Out_63_1.txt
x data/UpDown/._Out_63_2.txt
x data/UpDown/Out_63_2.txt
x data/UpDown/._Out_63_betti.txt
x data/UpDown/Out_63_betti.txt
x data/UpDown/._Out_64_0.txt
x data/UpDown/Out_64_0.txt
x data/UpDown/._Out_64_1.txt
x data/UpDown/Out_64_1.txt
x data/UpDown/._Out_64_2.txt
x data/UpDown/Out_64_2.txt
x data/UpDown/._Out_64_betti.txt
x data/UpDown/Out_64_betti.txt
x data/UpDown/._Out_65_0.txt
x data/UpDown/Out_65_0.txt
x data/UpDown/._Out_65_1.txt
x data/UpDown/Out_65_1.txt
x data/UpDown/._Out_65_2.txt
x data/UpDown/Out_65_2.txt
x data/UpDown/._Out_65_betti.txt
x data/UpDown/Out_65_betti.txt
x data/UpDown/._Out_66_0.txt
x data/UpDown/Out_66_0.txt
x data/UpDown/._Out_66_1.txt
x data/UpDown/Out_66_1.txt
x data/UpDown/._Out_66_2.txt
x data/UpDown/Out_66_2.txt
x data/UpDown/._Out_66_betti.txt
x data/UpDown/Out_66_betti.txt
x data/UpDown/._Out_67_0.txt
x data/UpDown/Out_67_0.txt
x data/UpDown/._Out_67_1.txt
x data/UpDown/Out_67_1.txt
x data/UpDown/._Out_67_2.txt
x data/UpDown/Out_67_2.txt
x data/UpDown/._Out_67_betti.txt
x data/UpDown/Out_67_betti.txt
x data/UpDown/._Out_68_0.txt
x data/UpDown/Out_68_0.txt
x data/UpDown/._Out_68_1.txt
x data/UpDown/Out_68_1.txt
x data/UpDown/._Out_68_2.txt
x data/UpDown/Out_68_2.txt
x data/UpDown/._Out_68_betti.txt
x data/UpDown/Out_68_betti.txt
x data/UpDown/._Out_69_0.txt
x data/UpDown/Out_69_0.txt
x data/UpDown/._Out_69_1.txt
x data/UpDown/Out_69_1.txt
x data/UpDown/._Out_69_2.txt
x data/UpDown/Out_69_2.txt
x data/UpDown/._Out_69_betti.txt
x data/UpDown/Out_69_betti.txt
x data/UpDown/._Out_6_0.txt
x data/UpDown/Out_6_0.txt
x data/UpDown/._Out_6_1.txt
x data/UpDown/Out_6_1.txt
x data/UpDown/._Out_6_2.txt
x data/UpDown/Out_6_2.txt
x data/UpDown/._Out_6_betti.txt
x data/UpDown/Out_6_betti.txt
x data/UpDown/._Out_70_0.txt
x data/UpDown/Out_70_0.txt
x data/UpDown/._Out_70_1.txt
x data/UpDown/Out_70_1.txt
x data/UpDown/._Out_70_2.txt
x data/UpDown/Out_70_2.txt
x data/UpDown/._Out_70_betti.txt
x data/UpDown/Out_70_betti.txt
x data/UpDown/._Out_71_0.txt
x data/UpDown/Out_71_0.txt
x data/UpDown/._Out_71_1.txt
x data/UpDown/Out_71_1.txt
x data/UpDown/._Out_71_2.txt
x data/UpDown/Out_71_2.txt
x data/UpDown/._Out_71_betti.txt
x data/UpDown/Out_71_betti.txt
x data/UpDown/._Out_72_0.txt
x data/UpDown/Out_72_0.txt
x data/UpDown/._Out_72_1.txt
x data/UpDown/Out_72_1.txt
x data/UpDown/._Out_72_2.txt
x data/UpDown/Out_72_2.txt
x data/UpDown/._Out_72_betti.txt
x data/UpDown/Out_72_betti.txt
x data/UpDown/._Out_73_0.txt
x data/UpDown/Out_73_0.txt
x data/UpDown/._Out_73_1.txt
x data/UpDown/Out_73_1.txt
x data/UpDown/._Out_73_2.txt
x data/UpDown/Out_73_2.txt
x data/UpDown/._Out_73_betti.txt
x data/UpDown/Out_73_betti.txt
x data/UpDown/._Out_74_0.txt
x data/UpDown/Out_74_0.txt
x data/UpDown/._Out_74_1.txt
x data/UpDown/Out_74_1.txt
x data/UpDown/._Out_74_2.txt
x data/UpDown/Out_74_2.txt
x data/UpDown/._Out_74_betti.txt
x data/UpDown/Out_74_betti.txt
x data/UpDown/._Out_75_0.txt
x data/UpDown/Out_75_0.txt
x data/UpDown/._Out_75_1.txt
x data/UpDown/Out_75_1.txt
x data/UpDown/._Out_75_2.txt
x data/UpDown/Out_75_2.txt
x data/UpDown/._Out_75_betti.txt
x data/UpDown/Out_75_betti.txt
x data/UpDown/._Out_76_0.txt
x data/UpDown/Out_76_0.txt
x data/UpDown/._Out_76_1.txt
x data/UpDown/Out_76_1.txt
x data/UpDown/._Out_76_2.txt
x data/UpDown/Out_76_2.txt
x data/UpDown/._Out_76_betti.txt
x data/UpDown/Out_76_betti.txt
x data/UpDown/._Out_77_0.txt
x data/UpDown/Out_77_0.txt
x data/UpDown/._Out_77_1.txt
x data/UpDown/Out_77_1.txt
x data/UpDown/._Out_77_2.txt
x data/UpDown/Out_77_2.txt
x data/UpDown/._Out_77_betti.txt
x data/UpDown/Out_77_betti.txt
x data/UpDown/._Out_78_0.txt
x data/UpDown/Out_78_0.txt
x data/UpDown/._Out_78_1.txt
x data/UpDown/Out_78_1.txt
x data/UpDown/._Out_78_2.txt
x data/UpDown/Out_78_2.txt
x data/UpDown/._Out_78_betti.txt
x data/UpDown/Out_78_betti.txt
x data/UpDown/._Out_79_0.txt
x data/UpDown/Out_79_0.txt
x data/UpDown/._Out_79_1.txt
x data/UpDown/Out_79_1.txt
x data/UpDown/._Out_79_2.txt
x data/UpDown/Out_79_2.txt
x data/UpDown/._Out_79_betti.txt
x data/UpDown/Out_79_betti.txt
x data/UpDown/._Out_7_0.txt
x data/UpDown/Out_7_0.txt
x data/UpDown/._Out_7_1.txt
x data/UpDown/Out_7_1.txt
x data/UpDown/._Out_7_2.txt
x data/UpDown/Out_7_2.txt
x data/UpDown/._Out_7_betti.txt
x data/UpDown/Out_7_betti.txt
x data/UpDown/._Out_80_0.txt
x data/UpDown/Out_80_0.txt
x data/UpDown/._Out_80_1.txt
x data/UpDown/Out_80_1.txt
x data/UpDown/._Out_80_2.txt
x data/UpDown/Out_80_2.txt
x data/UpDown/._Out_80_betti.txt
x data/UpDown/Out_80_betti.txt
x data/UpDown/._Out_81_0.txt
x data/UpDown/Out_81_0.txt
x data/UpDown/._Out_81_1.txt
x data/UpDown/Out_81_1.txt
x data/UpDown/._Out_81_2.txt
x data/UpDown/Out_81_2.txt
x data/UpDown/._Out_81_betti.txt
x data/UpDown/Out_81_betti.txt
x data/UpDown/._Out_82_0.txt
x data/UpDown/Out_82_0.txt
x data/UpDown/._Out_82_1.txt
x data/UpDown/Out_82_1.txt
x data/UpDown/._Out_82_2.txt
x data/UpDown/Out_82_2.txt
x data/UpDown/._Out_82_betti.txt
x data/UpDown/Out_82_betti.txt
x data/UpDown/._Out_83_0.txt
x data/UpDown/Out_83_0.txt
x data/UpDown/._Out_83_1.txt
x data/UpDown/Out_83_1.txt
x data/UpDown/._Out_83_2.txt
x data/UpDown/Out_83_2.txt
x data/UpDown/._Out_83_betti.txt
x data/UpDown/Out_83_betti.txt
x data/UpDown/._Out_84_0.txt
x data/UpDown/Out_84_0.txt
x data/UpDown/._Out_84_1.txt
x data/UpDown/Out_84_1.txt
x data/UpDown/._Out_84_2.txt
x data/UpDown/Out_84_2.txt
x data/UpDown/._Out_84_betti.txt
x data/UpDown/Out_84_betti.txt
x data/UpDown/._Out_85_0.txt
x data/UpDown/Out_85_0.txt
x data/UpDown/._Out_85_1.txt
x data/UpDown/Out_85_1.txt
x data/UpDown/._Out_85_2.txt
x data/UpDown/Out_85_2.txt
x data/UpDown/._Out_85_betti.txt
x data/UpDown/Out_85_betti.txt
x data/UpDown/._Out_86_0.txt
x data/UpDown/Out_86_0.txt
x data/UpDown/._Out_86_1.txt
x data/UpDown/Out_86_1.txt
x data/UpDown/._Out_86_2.txt
x data/UpDown/Out_86_2.txt
x data/UpDown/._Out_86_betti.txt
x data/UpDown/Out_86_betti.txt
x data/UpDown/._Out_87_0.txt
x data/UpDown/Out_87_0.txt
x data/UpDown/._Out_87_1.txt
x data/UpDown/Out_87_1.txt
x data/UpDown/._Out_87_2.txt
x data/UpDown/Out_87_2.txt
x data/UpDown/._Out_87_betti.txt
x data/UpDown/Out_87_betti.txt
x data/UpDown/._Out_88_0.txt
x data/UpDown/Out_88_0.txt
x data/UpDown/._Out_88_1.txt
x data/UpDown/Out_88_1.txt
x data/UpDown/._Out_88_2.txt
x data/UpDown/Out_88_2.txt
x data/UpDown/._Out_88_betti.txt
x data/UpDown/Out_88_betti.txt
x data/UpDown/._Out_89_0.txt
x data/UpDown/Out_89_0.txt
x data/UpDown/._Out_89_1.txt
x data/UpDown/Out_89_1.txt
x data/UpDown/._Out_89_2.txt
x data/UpDown/Out_89_2.txt
x data/UpDown/._Out_89_betti.txt
x data/UpDown/Out_89_betti.txt
x data/UpDown/._Out_8_0.txt
x data/UpDown/Out_8_0.txt
x data/UpDown/._Out_8_1.txt
x data/UpDown/Out_8_1.txt
x data/UpDown/._Out_8_2.txt
x data/UpDown/Out_8_2.txt
x data/UpDown/._Out_8_betti.txt
x data/UpDown/Out_8_betti.txt
x data/UpDown/._Out_90_0.txt
x data/UpDown/Out_90_0.txt
x data/UpDown/._Out_90_1.txt
x data/UpDown/Out_90_1.txt
x data/UpDown/._Out_90_2.txt
x data/UpDown/Out_90_2.txt
x data/UpDown/._Out_90_betti.txt
x data/UpDown/Out_90_betti.txt
x data/UpDown/._Out_91_0.txt
x data/UpDown/Out_91_0.txt
x data/UpDown/._Out_91_1.txt
x data/UpDown/Out_91_1.txt
x data/UpDown/._Out_91_2.txt
x data/UpDown/Out_91_2.txt
x data/UpDown/._Out_91_betti.txt
x data/UpDown/Out_91_betti.txt
x data/UpDown/._Out_92_0.txt
x data/UpDown/Out_92_0.txt
x data/UpDown/._Out_92_1.txt
x data/UpDown/Out_92_1.txt
x data/UpDown/._Out_92_2.txt
x data/UpDown/Out_92_2.txt
x data/UpDown/._Out_92_betti.txt
x data/UpDown/Out_92_betti.txt
x data/UpDown/._Out_93_0.txt
x data/UpDown/Out_93_0.txt
x data/UpDown/._Out_93_1.txt
x data/UpDown/Out_93_1.txt
x data/UpDown/._Out_93_2.txt
x data/UpDown/Out_93_2.txt
x data/UpDown/._Out_93_betti.txt
x data/UpDown/Out_93_betti.txt
x data/UpDown/._Out_94_0.txt
x data/UpDown/Out_94_0.txt
x data/UpDown/._Out_94_1.txt
x data/UpDown/Out_94_1.txt
x data/UpDown/._Out_94_2.txt
x data/UpDown/Out_94_2.txt
x data/UpDown/._Out_94_betti.txt
x data/UpDown/Out_94_betti.txt
x data/UpDown/._Out_95_0.txt
x data/UpDown/Out_95_0.txt
x data/UpDown/._Out_95_1.txt
x data/UpDown/Out_95_1.txt
x data/UpDown/._Out_95_2.txt
x data/UpDown/Out_95_2.txt
x data/UpDown/._Out_95_betti.txt
x data/UpDown/Out_95_betti.txt
x data/UpDown/._Out_96_0.txt
x data/UpDown/Out_96_0.txt
x data/UpDown/._Out_96_1.txt
x data/UpDown/Out_96_1.txt
x data/UpDown/._Out_96_2.txt
x data/UpDown/Out_96_2.txt
x data/UpDown/._Out_96_betti.txt
x data/UpDown/Out_96_betti.txt
x data/UpDown/._Out_97_0.txt
x data/UpDown/Out_97_0.txt
x data/UpDown/._Out_97_1.txt
x data/UpDown/Out_97_1.txt
x data/UpDown/._Out_97_2.txt
x data/UpDown/Out_97_2.txt
x data/UpDown/._Out_97_betti.txt
x data/UpDown/Out_97_betti.txt
x data/UpDown/._Out_98_0.txt
x data/UpDown/Out_98_0.txt
x data/UpDown/._Out_98_1.txt
x data/UpDown/Out_98_1.txt
x data/UpDown/._Out_98_2.txt
x data/UpDown/Out_98_2.txt
x data/UpDown/._Out_98_betti.txt
x data/UpDown/Out_98_betti.txt
x data/UpDown/._Out_99_0.txt
x data/UpDown/Out_99_0.txt
x data/UpDown/._Out_99_1.txt
x data/UpDown/Out_99_1.txt
x data/UpDown/._Out_99_2.txt
x data/UpDown/Out_99_2.txt
x data/UpDown/._Out_99_betti.txt
x data/UpDown/Out_99_betti.txt
x data/UpDown/._Out_9_0.txt
x data/UpDown/Out_9_0.txt
x data/UpDown/._Out_9_1.txt
x data/UpDown/Out_9_1.txt
x data/UpDown/._Out_9_2.txt
x data/UpDown/Out_9_2.txt
x data/UpDown/._Out_9_betti.txt
x data/UpDown/Out_9_betti.txt
x data/DownUp/._Out_0_0.txt
x data/DownUp/Out_0_0.txt
x data/DownUp/._Out_0_1.txt
x data/DownUp/Out_0_1.txt
x data/DownUp/._Out_0_betti.txt
x data/DownUp/Out_0_betti.txt
x data/DownUp/._Out_10_0.txt
x data/DownUp/Out_10_0.txt
x data/DownUp/._Out_10_1.txt
x data/DownUp/Out_10_1.txt
x data/DownUp/._Out_10_betti.txt
x data/DownUp/Out_10_betti.txt
x data/DownUp/._Out_11_0.txt
x data/DownUp/Out_11_0.txt
x data/DownUp/._Out_11_1.txt
x data/DownUp/Out_11_1.txt
x data/DownUp/._Out_11_betti.txt
x data/DownUp/Out_11_betti.txt
x data/DownUp/._Out_12_0.txt
x data/DownUp/Out_12_0.txt
x data/DownUp/._Out_12_1.txt
x data/DownUp/Out_12_1.txt
x data/DownUp/._Out_12_betti.txt
x data/DownUp/Out_12_betti.txt
x data/DownUp/._Out_13_0.txt
x data/DownUp/Out_13_0.txt
x data/DownUp/._Out_13_1.txt
x data/DownUp/Out_13_1.txt
x data/DownUp/._Out_13_betti.txt
x data/DownUp/Out_13_betti.txt
x data/DownUp/._Out_14_0.txt
x data/DownUp/Out_14_0.txt
x data/DownUp/._Out_14_1.txt
x data/DownUp/Out_14_1.txt
x data/DownUp/._Out_14_betti.txt
x data/DownUp/Out_14_betti.txt
x data/DownUp/._Out_15_0.txt
x data/DownUp/Out_15_0.txt
x data/DownUp/._Out_15_1.txt
x data/DownUp/Out_15_1.txt
x data/DownUp/._Out_15_betti.txt
x data/DownUp/Out_15_betti.txt
x data/DownUp/._Out_16_0.txt
x data/DownUp/Out_16_0.txt
x data/DownUp/._Out_16_1.txt
x data/DownUp/Out_16_1.txt
x data/DownUp/._Out_16_betti.txt
x data/DownUp/Out_16_betti.txt
x data/DownUp/._Out_17_0.txt
x data/DownUp/Out_17_0.txt
x data/DownUp/._Out_17_1.txt
x data/DownUp/Out_17_1.txt
x data/DownUp/._Out_17_betti.txt
x data/DownUp/Out_17_betti.txt
x data/DownUp/._Out_18_0.txt
x data/DownUp/Out_18_0.txt
x data/DownUp/._Out_18_1.txt
x data/DownUp/Out_18_1.txt
x data/DownUp/._Out_18_betti.txt
x data/DownUp/Out_18_betti.txt
x data/DownUp/._Out_19_0.txt
x data/DownUp/Out_19_0.txt
x data/DownUp/._Out_19_1.txt
x data/DownUp/Out_19_1.txt
x data/DownUp/._Out_19_betti.txt
x data/DownUp/Out_19_betti.txt
x data/DownUp/._Out_1_0.txt
x data/DownUp/Out_1_0.txt
x data/DownUp/._Out_1_1.txt
x data/DownUp/Out_1_1.txt
x data/DownUp/._Out_1_betti.txt
x data/DownUp/Out_1_betti.txt
x data/DownUp/._Out_20_0.txt
x data/DownUp/Out_20_0.txt
x data/DownUp/._Out_20_1.txt
x data/DownUp/Out_20_1.txt
x data/DownUp/._Out_20_betti.txt
x data/DownUp/Out_20_betti.txt
x data/DownUp/._Out_21_0.txt
x data/DownUp/Out_21_0.txt
x data/DownUp/._Out_21_1.txt
x data/DownUp/Out_21_1.txt
x data/DownUp/._Out_21_betti.txt
x data/DownUp/Out_21_betti.txt
x data/DownUp/._Out_22_0.txt
x data/DownUp/Out_22_0.txt
x data/DownUp/._Out_22_1.txt
x data/DownUp/Out_22_1.txt
x data/DownUp/._Out_22_betti.txt
x data/DownUp/Out_22_betti.txt
x data/DownUp/._Out_23_0.txt
x data/DownUp/Out_23_0.txt
x data/DownUp/._Out_23_1.txt
x data/DownUp/Out_23_1.txt
x data/DownUp/._Out_23_betti.txt
x data/DownUp/Out_23_betti.txt
x data/DownUp/._Out_24_0.txt
x data/DownUp/Out_24_0.txt
x data/DownUp/._Out_24_1.txt
x data/DownUp/Out_24_1.txt
x data/DownUp/._Out_24_betti.txt
x data/DownUp/Out_24_betti.txt
x data/DownUp/._Out_25_0.txt
x data/DownUp/Out_25_0.txt
x data/DownUp/._Out_25_1.txt
x data/DownUp/Out_25_1.txt
x data/DownUp/._Out_25_betti.txt
x data/DownUp/Out_25_betti.txt
x data/DownUp/._Out_26_0.txt
x data/DownUp/Out_26_0.txt
x data/DownUp/._Out_26_1.txt
x data/DownUp/Out_26_1.txt
x data/DownUp/._Out_26_betti.txt
x data/DownUp/Out_26_betti.txt
x data/DownUp/._Out_27_0.txt
x data/DownUp/Out_27_0.txt
x data/DownUp/._Out_27_1.txt
x data/DownUp/Out_27_1.txt
x data/DownUp/._Out_27_betti.txt
x data/DownUp/Out_27_betti.txt
x data/DownUp/._Out_28_0.txt
x data/DownUp/Out_28_0.txt
x data/DownUp/._Out_28_1.txt
x data/DownUp/Out_28_1.txt
x data/DownUp/._Out_28_betti.txt
x data/DownUp/Out_28_betti.txt
x data/DownUp/._Out_29_0.txt
x data/DownUp/Out_29_0.txt
x data/DownUp/._Out_29_1.txt
x data/DownUp/Out_29_1.txt
x data/DownUp/._Out_29_betti.txt
x data/DownUp/Out_29_betti.txt
x data/DownUp/._Out_2_0.txt
x data/DownUp/Out_2_0.txt
x data/DownUp/._Out_2_1.txt
x data/DownUp/Out_2_1.txt
x data/DownUp/._Out_2_betti.txt
x data/DownUp/Out_2_betti.txt
x data/DownUp/._Out_30_0.txt
x data/DownUp/Out_30_0.txt
x data/DownUp/._Out_30_1.txt
x data/DownUp/Out_30_1.txt
x data/DownUp/._Out_30_betti.txt
x data/DownUp/Out_30_betti.txt
x data/DownUp/._Out_31_0.txt
x data/DownUp/Out_31_0.txt
x data/DownUp/._Out_31_1.txt
x data/DownUp/Out_31_1.txt
x data/DownUp/._Out_31_betti.txt
x data/DownUp/Out_31_betti.txt
x data/DownUp/._Out_32_0.txt
x data/DownUp/Out_32_0.txt
x data/DownUp/._Out_32_1.txt
x data/DownUp/Out_32_1.txt
x data/DownUp/._Out_32_betti.txt
x data/DownUp/Out_32_betti.txt
x data/DownUp/._Out_33_0.txt
x data/DownUp/Out_33_0.txt
x data/DownUp/._Out_33_1.txt
x data/DownUp/Out_33_1.txt
x data/DownUp/._Out_33_betti.txt
x data/DownUp/Out_33_betti.txt
x data/DownUp/._Out_34_0.txt
x data/DownUp/Out_34_0.txt
x data/DownUp/._Out_34_1.txt
x data/DownUp/Out_34_1.txt
x data/DownUp/._Out_34_betti.txt
x data/DownUp/Out_34_betti.txt
x data/DownUp/._Out_35_0.txt
x data/DownUp/Out_35_0.txt
x data/DownUp/._Out_35_1.txt
x data/DownUp/Out_35_1.txt
x data/DownUp/._Out_35_betti.txt
x data/DownUp/Out_35_betti.txt
x data/DownUp/._Out_36_0.txt
x data/DownUp/Out_36_0.txt
x data/DownUp/._Out_36_1.txt
x data/DownUp/Out_36_1.txt
x data/DownUp/._Out_36_betti.txt
x data/DownUp/Out_36_betti.txt
x data/DownUp/._Out_37_0.txt
x data/DownUp/Out_37_0.txt
x data/DownUp/._Out_37_1.txt
x data/DownUp/Out_37_1.txt
x data/DownUp/._Out_37_betti.txt
x data/DownUp/Out_37_betti.txt
x data/DownUp/._Out_38_0.txt
x data/DownUp/Out_38_0.txt
x data/DownUp/._Out_38_1.txt
x data/DownUp/Out_38_1.txt
x data/DownUp/._Out_38_betti.txt
x data/DownUp/Out_38_betti.txt
x data/DownUp/._Out_39_0.txt
x data/DownUp/Out_39_0.txt
x data/DownUp/._Out_39_1.txt
x data/DownUp/Out_39_1.txt
x data/DownUp/._Out_39_betti.txt
x data/DownUp/Out_39_betti.txt
x data/DownUp/._Out_3_0.txt
x data/DownUp/Out_3_0.txt
x data/DownUp/._Out_3_1.txt
x data/DownUp/Out_3_1.txt
x data/DownUp/._Out_3_betti.txt
x data/DownUp/Out_3_betti.txt
x data/DownUp/._Out_40_0.txt
x data/DownUp/Out_40_0.txt
x data/DownUp/._Out_40_1.txt
x data/DownUp/Out_40_1.txt
x data/DownUp/._Out_40_betti.txt
x data/DownUp/Out_40_betti.txt
x data/DownUp/._Out_41_0.txt
x data/DownUp/Out_41_0.txt
x data/DownUp/._Out_41_1.txt
x data/DownUp/Out_41_1.txt
x data/DownUp/._Out_41_betti.txt
x data/DownUp/Out_41_betti.txt
x data/DownUp/._Out_42_0.txt
x data/DownUp/Out_42_0.txt
x data/DownUp/._Out_42_1.txt
x data/DownUp/Out_42_1.txt
x data/DownUp/._Out_42_betti.txt
x data/DownUp/Out_42_betti.txt
x data/DownUp/._Out_43_0.txt
x data/DownUp/Out_43_0.txt
x data/DownUp/._Out_43_1.txt
x data/DownUp/Out_43_1.txt
x data/DownUp/._Out_43_betti.txt
x data/DownUp/Out_43_betti.txt
x data/DownUp/._Out_44_0.txt
x data/DownUp/Out_44_0.txt
x data/DownUp/._Out_44_1.txt
x data/DownUp/Out_44_1.txt
x data/DownUp/._Out_44_betti.txt
x data/DownUp/Out_44_betti.txt
x data/DownUp/._Out_45_0.txt
x data/DownUp/Out_45_0.txt
x data/DownUp/._Out_45_1.txt
x data/DownUp/Out_45_1.txt
x data/DownUp/._Out_45_betti.txt
x data/DownUp/Out_45_betti.txt
x data/DownUp/._Out_46_0.txt
x data/DownUp/Out_46_0.txt
x data/DownUp/._Out_46_1.txt
x data/DownUp/Out_46_1.txt
x data/DownUp/._Out_46_betti.txt
x data/DownUp/Out_46_betti.txt
x data/DownUp/._Out_47_0.txt
x data/DownUp/Out_47_0.txt
x data/DownUp/._Out_47_1.txt
x data/DownUp/Out_47_1.txt
x data/DownUp/._Out_47_betti.txt
x data/DownUp/Out_47_betti.txt
x data/DownUp/._Out_48_0.txt
x data/DownUp/Out_48_0.txt
x data/DownUp/._Out_48_1.txt
x data/DownUp/Out_48_1.txt
x data/DownUp/._Out_48_betti.txt
x data/DownUp/Out_48_betti.txt
x data/DownUp/._Out_49_0.txt
x data/DownUp/Out_49_0.txt
x data/DownUp/._Out_49_1.txt
x data/DownUp/Out_49_1.txt
x data/DownUp/._Out_49_betti.txt
x data/DownUp/Out_49_betti.txt
x data/DownUp/._Out_4_0.txt
x data/DownUp/Out_4_0.txt
x data/DownUp/._Out_4_1.txt
x data/DownUp/Out_4_1.txt
x data/DownUp/._Out_4_betti.txt
x data/DownUp/Out_4_betti.txt
x data/DownUp/._Out_50_0.txt
x data/DownUp/Out_50_0.txt
x data/DownUp/._Out_50_1.txt
x data/DownUp/Out_50_1.txt
x data/DownUp/._Out_50_betti.txt
x data/DownUp/Out_50_betti.txt
x data/DownUp/._Out_51_0.txt
x data/DownUp/Out_51_0.txt
x data/DownUp/._Out_51_1.txt
x data/DownUp/Out_51_1.txt
x data/DownUp/._Out_51_betti.txt
x data/DownUp/Out_51_betti.txt
x data/DownUp/._Out_52_0.txt
x data/DownUp/Out_52_0.txt
x data/DownUp/._Out_52_1.txt
x data/DownUp/Out_52_1.txt
x data/DownUp/._Out_52_betti.txt
x data/DownUp/Out_52_betti.txt
x data/DownUp/._Out_53_0.txt
x data/DownUp/Out_53_0.txt
x data/DownUp/._Out_53_1.txt
x data/DownUp/Out_53_1.txt
x data/DownUp/._Out_53_betti.txt
x data/DownUp/Out_53_betti.txt
x data/DownUp/._Out_54_0.txt
x data/DownUp/Out_54_0.txt
x data/DownUp/._Out_54_1.txt
x data/DownUp/Out_54_1.txt
x data/DownUp/._Out_54_betti.txt
x data/DownUp/Out_54_betti.txt
x data/DownUp/._Out_55_0.txt
x data/DownUp/Out_55_0.txt
x data/DownUp/._Out_55_1.txt
x data/DownUp/Out_55_1.txt
x data/DownUp/._Out_55_betti.txt
x data/DownUp/Out_55_betti.txt
x data/DownUp/._Out_56_0.txt
x data/DownUp/Out_56_0.txt
x data/DownUp/._Out_56_1.txt
x data/DownUp/Out_56_1.txt
x data/DownUp/._Out_56_betti.txt
x data/DownUp/Out_56_betti.txt
x data/DownUp/._Out_57_0.txt
x data/DownUp/Out_57_0.txt
x data/DownUp/._Out_57_1.txt
x data/DownUp/Out_57_1.txt
x data/DownUp/._Out_57_betti.txt
x data/DownUp/Out_57_betti.txt
x data/DownUp/._Out_58_0.txt
x data/DownUp/Out_58_0.txt
x data/DownUp/._Out_58_1.txt
x data/DownUp/Out_58_1.txt
x data/DownUp/._Out_58_betti.txt
x data/DownUp/Out_58_betti.txt
x data/DownUp/._Out_59_0.txt
x data/DownUp/Out_59_0.txt
x data/DownUp/._Out_59_1.txt
x data/DownUp/Out_59_1.txt
x data/DownUp/._Out_59_betti.txt
x data/DownUp/Out_59_betti.txt
x data/DownUp/._Out_5_0.txt
x data/DownUp/Out_5_0.txt
x data/DownUp/._Out_5_1.txt
x data/DownUp/Out_5_1.txt
x data/DownUp/._Out_5_betti.txt
x data/DownUp/Out_5_betti.txt
x data/DownUp/._Out_60_0.txt
x data/DownUp/Out_60_0.txt
x data/DownUp/._Out_60_1.txt
x data/DownUp/Out_60_1.txt
x data/DownUp/._Out_60_betti.txt
x data/DownUp/Out_60_betti.txt
x data/DownUp/._Out_61_0.txt
x data/DownUp/Out_61_0.txt
x data/DownUp/._Out_61_1.txt
x data/DownUp/Out_61_1.txt
x data/DownUp/._Out_61_betti.txt
x data/DownUp/Out_61_betti.txt
x data/DownUp/._Out_62_0.txt
x data/DownUp/Out_62_0.txt
x data/DownUp/._Out_62_1.txt
x data/DownUp/Out_62_1.txt
x data/DownUp/._Out_62_betti.txt
x data/DownUp/Out_62_betti.txt
x data/DownUp/._Out_63_0.txt
x data/DownUp/Out_63_0.txt
x data/DownUp/._Out_63_1.txt
x data/DownUp/Out_63_1.txt
x data/DownUp/._Out_63_betti.txt
x data/DownUp/Out_63_betti.txt
x data/DownUp/._Out_64_0.txt
x data/DownUp/Out_64_0.txt
x data/DownUp/._Out_64_1.txt
x data/DownUp/Out_64_1.txt
x data/DownUp/._Out_64_betti.txt
x data/DownUp/Out_64_betti.txt
x data/DownUp/._Out_65_0.txt
x data/DownUp/Out_65_0.txt
x data/DownUp/._Out_65_1.txt
x data/DownUp/Out_65_1.txt
x data/DownUp/._Out_65_betti.txt
x data/DownUp/Out_65_betti.txt
x data/DownUp/._Out_66_0.txt
x data/DownUp/Out_66_0.txt
x data/DownUp/._Out_66_1.txt
x data/DownUp/Out_66_1.txt
x data/DownUp/._Out_66_betti.txt
x data/DownUp/Out_66_betti.txt
x data/DownUp/._Out_67_0.txt
x data/DownUp/Out_67_0.txt
x data/DownUp/._Out_67_1.txt
x data/DownUp/Out_67_1.txt
x data/DownUp/._Out_67_betti.txt
x data/DownUp/Out_67_betti.txt
x data/DownUp/._Out_68_0.txt
x data/DownUp/Out_68_0.txt
x data/DownUp/._Out_68_1.txt
x data/DownUp/Out_68_1.txt
x data/DownUp/._Out_68_betti.txt
x data/DownUp/Out_68_betti.txt
x data/DownUp/._Out_69_0.txt
x data/DownUp/Out_69_0.txt
x data/DownUp/._Out_69_1.txt
x data/DownUp/Out_69_1.txt
x data/DownUp/._Out_69_betti.txt
x data/DownUp/Out_69_betti.txt
x data/DownUp/._Out_6_0.txt
x data/DownUp/Out_6_0.txt
x data/DownUp/._Out_6_1.txt
x data/DownUp/Out_6_1.txt
x data/DownUp/._Out_6_betti.txt
x data/DownUp/Out_6_betti.txt
x data/DownUp/._Out_70_0.txt
x data/DownUp/Out_70_0.txt
x data/DownUp/._Out_70_1.txt
x data/DownUp/Out_70_1.txt
x data/DownUp/._Out_70_betti.txt
x data/DownUp/Out_70_betti.txt
x data/DownUp/._Out_71_0.txt
x data/DownUp/Out_71_0.txt
x data/DownUp/._Out_71_1.txt
x data/DownUp/Out_71_1.txt
x data/DownUp/._Out_71_betti.txt
x data/DownUp/Out_71_betti.txt
x data/DownUp/._Out_72_0.txt
x data/DownUp/Out_72_0.txt
x data/DownUp/._Out_72_1.txt
x data/DownUp/Out_72_1.txt
x data/DownUp/._Out_72_betti.txt
x data/DownUp/Out_72_betti.txt
x data/DownUp/._Out_73_0.txt
x data/DownUp/Out_73_0.txt
x data/DownUp/._Out_73_1.txt
x data/DownUp/Out_73_1.txt
x data/DownUp/._Out_73_betti.txt
x data/DownUp/Out_73_betti.txt
x data/DownUp/._Out_74_0.txt
x data/DownUp/Out_74_0.txt
x data/DownUp/._Out_74_1.txt
x data/DownUp/Out_74_1.txt
x data/DownUp/._Out_74_betti.txt
x data/DownUp/Out_74_betti.txt
x data/DownUp/._Out_75_0.txt
x data/DownUp/Out_75_0.txt
x data/DownUp/._Out_75_1.txt
x data/DownUp/Out_75_1.txt
x data/DownUp/._Out_75_betti.txt
x data/DownUp/Out_75_betti.txt
x data/DownUp/._Out_76_0.txt
x data/DownUp/Out_76_0.txt
x data/DownUp/._Out_76_1.txt
x data/DownUp/Out_76_1.txt
x data/DownUp/._Out_76_betti.txt
x data/DownUp/Out_76_betti.txt
x data/DownUp/._Out_77_0.txt
x data/DownUp/Out_77_0.txt
x data/DownUp/._Out_77_1.txt
x data/DownUp/Out_77_1.txt
x data/DownUp/._Out_77_betti.txt
x data/DownUp/Out_77_betti.txt
x data/DownUp/._Out_78_0.txt
x data/DownUp/Out_78_0.txt
x data/DownUp/._Out_78_1.txt
x data/DownUp/Out_78_1.txt
x data/DownUp/._Out_78_betti.txt
x data/DownUp/Out_78_betti.txt
x data/DownUp/._Out_79_0.txt
x data/DownUp/Out_79_0.txt
x data/DownUp/._Out_79_1.txt
x data/DownUp/Out_79_1.txt
x data/DownUp/._Out_79_betti.txt
x data/DownUp/Out_79_betti.txt
x data/DownUp/._Out_7_0.txt
x data/DownUp/Out_7_0.txt
x data/DownUp/._Out_7_1.txt
x data/DownUp/Out_7_1.txt
x data/DownUp/._Out_7_betti.txt
x data/DownUp/Out_7_betti.txt
x data/DownUp/._Out_80_0.txt
x data/DownUp/Out_80_0.txt
x data/DownUp/._Out_80_1.txt
x data/DownUp/Out_80_1.txt
x data/DownUp/._Out_80_betti.txt
x data/DownUp/Out_80_betti.txt
x data/DownUp/._Out_81_0.txt
x data/DownUp/Out_81_0.txt
x data/DownUp/._Out_81_1.txt
x data/DownUp/Out_81_1.txt
x data/DownUp/._Out_81_betti.txt
x data/DownUp/Out_81_betti.txt
x data/DownUp/._Out_82_0.txt
x data/DownUp/Out_82_0.txt
x data/DownUp/._Out_82_1.txt
x data/DownUp/Out_82_1.txt
x data/DownUp/._Out_82_betti.txt
x data/DownUp/Out_82_betti.txt
x data/DownUp/._Out_83_0.txt
x data/DownUp/Out_83_0.txt
x data/DownUp/._Out_83_1.txt
x data/DownUp/Out_83_1.txt
x data/DownUp/._Out_83_betti.txt
x data/DownUp/Out_83_betti.txt
x data/DownUp/._Out_84_0.txt
x data/DownUp/Out_84_0.txt
x data/DownUp/._Out_84_1.txt
x data/DownUp/Out_84_1.txt
x data/DownUp/._Out_84_betti.txt
x data/DownUp/Out_84_betti.txt
x data/DownUp/._Out_85_0.txt
x data/DownUp/Out_85_0.txt
x data/DownUp/._Out_85_1.txt
x data/DownUp/Out_85_1.txt
x data/DownUp/._Out_85_betti.txt
x data/DownUp/Out_85_betti.txt
x data/DownUp/._Out_86_0.txt
x data/DownUp/Out_86_0.txt
x data/DownUp/._Out_86_1.txt
x data/DownUp/Out_86_1.txt
x data/DownUp/._Out_86_betti.txt
x data/DownUp/Out_86_betti.txt
x data/DownUp/._Out_87_0.txt
x data/DownUp/Out_87_0.txt
x data/DownUp/._Out_87_1.txt
x data/DownUp/Out_87_1.txt
x data/DownUp/._Out_87_betti.txt
x data/DownUp/Out_87_betti.txt
x data/DownUp/._Out_88_0.txt
x data/DownUp/Out_88_0.txt
x data/DownUp/._Out_88_1.txt
x data/DownUp/Out_88_1.txt
x data/DownUp/._Out_88_betti.txt
x data/DownUp/Out_88_betti.txt
x data/DownUp/._Out_89_0.txt
x data/DownUp/Out_89_0.txt
x data/DownUp/._Out_89_1.txt
x data/DownUp/Out_89_1.txt
x data/DownUp/._Out_89_betti.txt
x data/DownUp/Out_89_betti.txt
x data/DownUp/._Out_8_0.txt
x data/DownUp/Out_8_0.txt
x data/DownUp/._Out_8_1.txt
x data/DownUp/Out_8_1.txt
x data/DownUp/._Out_8_betti.txt
x data/DownUp/Out_8_betti.txt
x data/DownUp/._Out_90_0.txt
x data/DownUp/Out_90_0.txt
x data/DownUp/._Out_90_1.txt
x data/DownUp/Out_90_1.txt
x data/DownUp/._Out_90_betti.txt
x data/DownUp/Out_90_betti.txt
x data/DownUp/._Out_91_0.txt
x data/DownUp/Out_91_0.txt
x data/DownUp/._Out_91_1.txt
x data/DownUp/Out_91_1.txt
x data/DownUp/._Out_91_betti.txt
x data/DownUp/Out_91_betti.txt
x data/DownUp/._Out_92_0.txt
x data/DownUp/Out_92_0.txt
x data/DownUp/._Out_92_1.txt
x data/DownUp/Out_92_1.txt
x data/DownUp/._Out_92_betti.txt
x data/DownUp/Out_92_betti.txt
x data/DownUp/._Out_93_0.txt
x data/DownUp/Out_93_0.txt
x data/DownUp/._Out_93_1.txt
x data/DownUp/Out_93_1.txt
x data/DownUp/._Out_93_betti.txt
x data/DownUp/Out_93_betti.txt
x data/DownUp/._Out_94_0.txt
x data/DownUp/Out_94_0.txt
x data/DownUp/._Out_94_1.txt
x data/DownUp/Out_94_1.txt
x data/DownUp/._Out_94_betti.txt
x data/DownUp/Out_94_betti.txt
x data/DownUp/._Out_95_0.txt
x data/DownUp/Out_95_0.txt
x data/DownUp/._Out_95_1.txt
x data/DownUp/Out_95_1.txt
x data/DownUp/._Out_95_betti.txt
x data/DownUp/Out_95_betti.txt
x data/DownUp/._Out_96_0.txt
x data/DownUp/Out_96_0.txt
x data/DownUp/._Out_96_1.txt
x data/DownUp/Out_96_1.txt
x data/DownUp/._Out_96_betti.txt
x data/DownUp/Out_96_betti.txt
x data/DownUp/._Out_97_0.txt
x data/DownUp/Out_97_0.txt
x data/DownUp/._Out_97_1.txt
x data/DownUp/Out_97_1.txt
x data/DownUp/._Out_97_betti.txt
x data/DownUp/Out_97_betti.txt
x data/DownUp/._Out_98_0.txt
x data/DownUp/Out_98_0.txt
x data/DownUp/._Out_98_1.txt
x data/DownUp/Out_98_1.txt
x data/DownUp/._Out_98_betti.txt
x data/DownUp/Out_98_betti.txt
x data/DownUp/._Out_99_0.txt
x data/DownUp/Out_99_0.txt
x data/DownUp/._Out_99_1.txt
x data/DownUp/Out_99_1.txt
x data/DownUp/._Out_99_betti.txt
x data/DownUp/Out_99_betti.txt
x data/DownUp/._Out_9_0.txt
x data/DownUp/Out_9_0.txt
x data/DownUp/._Out_9_1.txt
x data/DownUp/Out_9_1.txt
x data/DownUp/._Out_9_betti.txt
x data/DownUp/Out_9_betti.txt
<end of output>
Test time =  15.42 sec
----------------------------------------------------------
Test Passed.
"test" end time: Nov 20 20:10 EST
"test" time elapsed: 00:00:15
----------------------------------------------------------

End testing: Nov 20 20:10 EST
